f:\cameraclient\win32\release\cameraclient.lib
f:\cameraclient\win32\release\cameraclient.exp
f:\cameraclient\cameraclient\release\moc_dlg_login.obj
f:\cameraclient\cameraclient\release\moc_dlg_localconfig.obj
f:\cameraclient\cameraclient\release\moc_dlg_ipcinfosync.obj
f:\cameraclient\cameraclient\release\moc_dlg_illegaldict.obj
f:\cameraclient\cameraclient\release\moc_dlg_hardware.obj
f:\cameraclient\cameraclient\release\moc_dlg_deviceinfo.obj
f:\cameraclient\cameraclient\release\dlg_velometer.obj
f:\cameraclient\cameraclient\release\dlg_systemmaintenance.obj
f:\cameraclient\cameraclient\release\dlg_signalconfig.obj
f:\cameraclient\cameraclient\release\dlg_serial.obj
f:\cameraclient\cameraclient\release\dlg_powersyn.obj
f:\cameraclient\cameraclient\release\dlg_otherconfig.obj
f:\cameraclient\cameraclient\release\dlg_message.obj
f:\cameraclient\cameraclient\release\dlg_main.obj
f:\cameraclient\cameraclient\release\dlg_login.obj
f:\cameraclient\cameraclient\release\dlg_localconfig.obj
f:\cameraclient\cameraclient\release\dlg_ipcinfosync.obj
f:\cameraclient\cameraclient\release\dlg_illegaldict.obj
f:\cameraclient\cameraclient\release\dlg_hardware.obj
f:\cameraclient\cameraclient\release\dlg_deviceinfo.obj
f:\cameraclient\cameraclient\release\mgr_ipcsdk.obj
f:\cameraclient\cameraclient\release\mgr_iosignal.obj
f:\cameraclient\cameraclient\release\mgr_evtlst.obj
f:\cameraclient\cameraclient\release\mgr_dev.obj
f:\cameraclient\cameraclient\release\mgr_alarm.obj
f:\cameraclient\cameraclient\release\mgritsctrl.obj
f:\cameraclient\cameraclient\release\mgripcsdk.obj
f:\cameraclient\cameraclient\release\mgrdata.obj
f:\cameraclient\cameraclient\release\main.obj
f:\cameraclient\cameraclient\release\itsctrl.obj
f:\cameraclient\cameraclient\release\ipcsdk_c.obj
f:\cameraclient\cameraclient\release\globalfunction.obj
f:\cameraclient\cameraclient\release\moc_dlg_velometer.obj
f:\cameraclient\cameraclient\release\moc_dlg_systemmaintenance.obj
f:\cameraclient\cameraclient\release\moc_dlg_signalconfig.obj
f:\cameraclient\cameraclient\release\moc_dlg_serial.obj
f:\cameraclient\cameraclient\release\moc_dlg_powersyn.obj
f:\cameraclient\cameraclient\release\moc_dlg_otherconfig.obj
f:\cameraclient\cameraclient\release\moc_dlg_message.obj
f:\cameraclient\cameraclient\release\moc_dlg_main.obj
f:\cameraclient\cameraclient\release\threadbase.obj
f:\cameraclient\cameraclient\release\stdafx.obj
f:\cameraclient\cameraclient\release\searchsdk_c.obj
f:\cameraclient\cameraclient\release\mymessagebox.obj
f:\cameraclient\cameraclient\release\mgr_video.obj
f:\cameraclient\cameraclient\release\mgr_version.obj
f:\cameraclient\cameraclient\release\mgr_usr.obj
f:\cameraclient\cameraclient\release\mgr_search.obj
f:\cameraclient\cameraclient\release\mgr_port.obj
f:\cameraclient\cameraclient\release\mgr_mjpegctrl.obj
f:\cameraclient\cameraclient\release\mgr_localcfg.obj
f:\cameraclient\cameraclient\release\dlg_snapmanager.obj
f:\cameraclient\cameraclient\release\dlg_registerplat.obj
f:\cameraclient\cameraclient\release\dlg_platlabcomponent.obj
f:\cameraclient\cameraclient\release\dlg_platcomponent.obj
f:\cameraclient\cameraclient\release\dlg_picview.obj
f:\cameraclient\cameraclient\release\dlg_osdfontsetting.obj
f:\cameraclient\cameraclient\release\dlg_osdaddconfig.obj
f:\cameraclient\cameraclient\release\dlg_messagebox.obj
f:\cameraclient\cameraclient\release\dlg_lightconfig.obj
f:\cameraclient\cameraclient\release\moc_dlg_registerplat.obj
f:\cameraclient\cameraclient\release\moc_dlg_platlabcomponent.obj
f:\cameraclient\cameraclient\release\moc_dlg_platcomponent.obj
f:\cameraclient\cameraclient\release\moc_dlg_picview.obj
f:\cameraclient\cameraclient\release\moc_dlg_osdfontsetting.obj
f:\cameraclient\cameraclient\release\moc_dlg_osdaddconfig.obj
f:\cameraclient\cameraclient\release\moc_dlg_messagebox.obj
f:\cameraclient\cameraclient\release\moc_dlg_lightconfig.obj
f:\cameraclient\cameraclient\release\moc_dlg_snapmanager.obj
f:\cameraclient\cameraclient\release\dlg_mergedraw.obj
f:\cameraclient\cameraclient\release\dlg_logiclane_detail.obj
f:\cameraclient\cameraclient\release\dlg_logiclane.obj
f:\cameraclient\cameraclient\release\dlg_imagequality.obj
f:\cameraclient\cameraclient\release\dlg_identparam.obj
f:\cameraclient\cameraclient\release\dlg_flowdetection.obj
f:\cameraclient\cameraclient\release\dlg_detection_phase.obj
f:\cameraclient\cameraclient\release\dlg_detection_area.obj
f:\cameraclient\cameraclient\release\dlg_detection.obj
f:\cameraclient\cameraclient\release\dlg_debugparam.obj
f:\cameraclient\cameraclient\release\delegate.obj
f:\cameraclient\cameraclient\release\dlg_scene_manualcapture.obj
f:\cameraclient\cameraclient\release\dlg_scene_illegalpark.obj
f:\cameraclient\cameraclient\release\dlg_scene_illegalmode.obj
f:\cameraclient\cameraclient\release\dlg_scene_bayonet.obj
f:\cameraclient\cameraclient\release\dlg_scenepoll.obj
f:\cameraclient\cameraclient\release\dlg_scenedraw.obj
f:\cameraclient\cameraclient\release\dlg_sceneconfig.obj
f:\cameraclient\cameraclient\release\dlg_scene.obj
f:\cameraclient\cameraclient\release\dlg_picturedraw.obj
f:\cameraclient\cameraclient\release\dlg_picmerge.obj
f:\cameraclient\cameraclient\release\moc_dlg_logiclane_detail.obj
f:\cameraclient\cameraclient\release\moc_dlg_logiclane.obj
f:\cameraclient\cameraclient\release\moc_dlg_imagequality.obj
f:\cameraclient\cameraclient\release\moc_dlg_identparam.obj
f:\cameraclient\cameraclient\release\moc_dlg_flowdetection.obj
f:\cameraclient\cameraclient\release\moc_dlg_detection_phase.obj
f:\cameraclient\cameraclient\release\moc_dlg_detection_area.obj
f:\cameraclient\cameraclient\release\moc_dlg_detection.obj
f:\cameraclient\cameraclient\release\moc_dlg_debugparam.obj
f:\cameraclient\cameraclient\release\moc_delegate.obj
f:\cameraclient\cameraclient\release\dlg_video.obj
f:\cameraclient\cameraclient\release\moc_dlg_scene_illegalmode.obj
f:\cameraclient\cameraclient\release\moc_dlg_scene_bayonet.obj
f:\cameraclient\cameraclient\release\moc_dlg_scenepoll.obj
f:\cameraclient\cameraclient\release\moc_dlg_scenedraw.obj
f:\cameraclient\cameraclient\release\moc_dlg_sceneconfig.obj
f:\cameraclient\cameraclient\release\moc_dlg_scene.obj
f:\cameraclient\cameraclient\release\moc_dlg_picturedraw.obj
f:\cameraclient\cameraclient\release\moc_dlg_picmerge.obj
f:\cameraclient\cameraclient\release\moc_dlg_mergedraw.obj
f:\cameraclient\cameraclient\release\global.obj
f:\cameraclient\cameraclient\release\moc_qtguiclass.obj
f:\cameraclient\cameraclient\release\moc_mywidget.obj
f:\cameraclient\cameraclient\release\moc_mgr_picturesave.obj
f:\cameraclient\cameraclient\release\moc_dlg_video.obj
f:\cameraclient\cameraclient\release\moc_dlg_scene_manualcapture.obj
f:\cameraclient\cameraclient\release\moc_dlg_scene_illegalpark.obj
f:\cameraclient\cameraclient\release\qtguiclass.obj
f:\cameraclient\cameraclient\release\mywidget.obj
f:\cameraclient\cameraclient\release\mgr_picturesave.obj
f:\cameraclient\cameraclient\release\qrc_res.obj
f:\cameraclient\cameraclient\generatedfiles\ui_dlg_login.h
f:\cameraclient\cameraclient\generatedfiles\qrc_res.cpp
f:\cameraclient\cameraclient\generatedfiles\ui_dlg_main.h
f:\cameraclient\cameraclient\generatedfiles\ui_dlg_deviceinfo.h
f:\cameraclient\cameraclient\generatedfiles\ui_dlg_systemmaintenance.h
f:\cameraclient\cameraclient\generatedfiles\ui_dlg_otherconfig.h
f:\cameraclient\cameraclient\generatedfiles\ui_dlg_velometer.h
f:\cameraclient\cameraclient\generatedfiles\ui_dlg_powersyn.h
f:\cameraclient\cameraclient\generatedfiles\ui_dlg_serial.h
f:\cameraclient\cameraclient\generatedfiles\ui_dlg_signalconfig.h
f:\cameraclient\cameraclient\generatedfiles\ui_dlg_ipcinfosync.h
f:\cameraclient\cameraclient\generatedfiles\ui_dlg_localconfig.h
f:\cameraclient\cameraclient\generatedfiles\ui_dlg_hardware.h
f:\cameraclient\cameraclient\generatedfiles\ui_dlg_illegaldict.h
f:\cameraclient\cameraclient\generatedfiles\release\moc_dlg_login.cpp
f:\cameraclient\cameraclient\generatedfiles\release\moc_dlg_platcomponent.cpp
f:\cameraclient\cameraclient\generatedfiles\release\moc_dlg_platlabcomponent.cpp
f:\cameraclient\cameraclient\generatedfiles\release\moc_dlg_osdfontsetting.cpp
f:\cameraclient\cameraclient\generatedfiles\ui_dlg_registerplat.h
f:\cameraclient\cameraclient\generatedfiles\ui_dlg_platcomponent.h
f:\cameraclient\cameraclient\generatedfiles\ui_dlg_platlabcomponent.h
f:\cameraclient\cameraclient\generatedfiles\ui_dlg_snapmanager.h
f:\cameraclient\cameraclient\generatedfiles\ui_dlg_messagebox.h
f:\cameraclient\cameraclient\generatedfiles\ui_dlg_lightconfig.h
f:\cameraclient\cameraclient\generatedfiles\ui_dlg_osdaddconfig.h
f:\cameraclient\cameraclient\generatedfiles\ui_dlg_osdfontsetting.h
f:\cameraclient\cameraclient\generatedfiles\ui_dlg_picview.h
f:\cameraclient\cameraclient\generatedfiles\release\moc_dlg_systemmaintenance.cpp
f:\cameraclient\cameraclient\generatedfiles\release\moc_dlg_otherconfig.cpp
f:\cameraclient\cameraclient\generatedfiles\release\moc_dlg_velometer.cpp
f:\cameraclient\cameraclient\generatedfiles\release\moc_dlg_powersyn.cpp
f:\cameraclient\cameraclient\generatedfiles\release\moc_dlg_serial.cpp
f:\cameraclient\cameraclient\generatedfiles\release\moc_dlg_signalconfig.cpp
f:\cameraclient\cameraclient\generatedfiles\release\moc_dlg_ipcinfosync.cpp
f:\cameraclient\cameraclient\generatedfiles\release\moc_dlg_localconfig.cpp
f:\cameraclient\cameraclient\generatedfiles\release\moc_dlg_hardware.cpp
f:\cameraclient\cameraclient\generatedfiles\release\moc_dlg_illegaldict.cpp
f:\cameraclient\cameraclient\generatedfiles\release\moc_dlg_registerplat.cpp
f:\cameraclient\cameraclient\generatedfiles\release\moc_dlg_snapmanager.cpp
f:\cameraclient\cameraclient\generatedfiles\release\moc_dlg_messagebox.cpp
f:\cameraclient\cameraclient\generatedfiles\release\moc_dlg_lightconfig.cpp
f:\cameraclient\cameraclient\generatedfiles\release\moc_dlg_osdaddconfig.cpp
f:\cameraclient\cameraclient\generatedfiles\release\moc_dlg_picview.cpp
f:\cameraclient\cameraclient\generatedfiles\release\moc_dlg_debugparam.cpp
f:\cameraclient\cameraclient\generatedfiles\release\moc_dlg_sceneconfig.cpp
f:\cameraclient\cameraclient\generatedfiles\release\moc_dlg_scene_bayonet.cpp
f:\cameraclient\cameraclient\generatedfiles\release\moc_dlg_video.cpp
f:\cameraclient\cameraclient\generatedfiles\release\moc_dlg_scene_illegalpark.cpp
f:\cameraclient\cameraclient\generatedfiles\release\moc_dlg_scene_illegalmode.cpp
f:\cameraclient\cameraclient\generatedfiles\release\moc_delegate.cpp
f:\cameraclient\cameraclient\generatedfiles\release\moc_dlg_detection.cpp
f:\cameraclient\cameraclient\generatedfiles\release\moc_dlg_picturedraw.cpp
f:\cameraclient\cameraclient\generatedfiles\release\moc_dlg_detection_area.cpp
f:\cameraclient\cameraclient\generatedfiles\release\moc_dlg_scene.cpp
f:\cameraclient\cameraclient\generatedfiles\release\moc_dlg_scenedraw.cpp
f:\cameraclient\cameraclient\generatedfiles\release\moc_dlg_scene_manualcapture.cpp
f:\cameraclient\cameraclient\generatedfiles\release\moc_dlg_scenepoll.cpp
f:\cameraclient\cameraclient\generatedfiles\release\moc_dlg_imagequality.cpp
f:\cameraclient\cameraclient\generatedfiles\release\moc_dlg_logiclane.cpp
f:\cameraclient\cameraclient\generatedfiles\release\moc_dlg_logiclane_detail.cpp
f:\cameraclient\cameraclient\generatedfiles\release\moc_dlg_picmerge.cpp
f:\cameraclient\cameraclient\generatedfiles\release\moc_dlg_mergedraw.cpp
f:\cameraclient\cameraclient\generatedfiles\release\moc_dlg_identparam.cpp
f:\cameraclient\cameraclient\generatedfiles\release\moc_dlg_flowdetection.cpp
f:\cameraclient\cameraclient\generatedfiles\release\moc_dlg_detection_phase.cpp
f:\cameraclient\cameraclient\generatedfiles\release\moc_qtguiclass.cpp
f:\cameraclient\cameraclient\generatedfiles\release\moc_mgr_picturesave.cpp
f:\cameraclient\cameraclient\generatedfiles\release\moc_mywidget.cpp
f:\cameraclient\cameraclient\generatedfiles\release\moc_dlg_main.cpp
f:\cameraclient\cameraclient\generatedfiles\release\moc_dlg_deviceinfo.cpp
f:\cameraclient\cameraclient\generatedfiles\ui_dlg_debugparam.h
f:\cameraclient\cameraclient\generatedfiles\ui_qtguiclass.h
f:\cameraclient\cameraclient\generatedfiles\ui_dlg_sceneconfig.h
f:\cameraclient\cameraclient\generatedfiles\ui_dlg_scene_bayonet.h
f:\cameraclient\cameraclient\generatedfiles\ui_dlg_scene_illegalpark.h
f:\cameraclient\cameraclient\generatedfiles\ui_dlg_scene_illegalmode.h
f:\cameraclient\cameraclient\generatedfiles\ui_dlg_detection.h
f:\cameraclient\cameraclient\generatedfiles\ui_dlg_detection_area.h
f:\cameraclient\cameraclient\generatedfiles\ui_dlg_scene.h
f:\cameraclient\cameraclient\generatedfiles\ui_dlg_scenedraw.h
f:\cameraclient\cameraclient\generatedfiles\ui_dlg_scene_manualcapture.h
f:\cameraclient\cameraclient\generatedfiles\ui_dlg_scenepoll.h
f:\cameraclient\cameraclient\generatedfiles\ui_dlg_imagequality.h
f:\cameraclient\cameraclient\generatedfiles\ui_dlg_logiclane.h
f:\cameraclient\cameraclient\generatedfiles\ui_dlg_logiclane_detail.h
f:\cameraclient\cameraclient\generatedfiles\ui_dlg_picmerge.h
f:\cameraclient\cameraclient\generatedfiles\ui_dlg_identparam.h
f:\cameraclient\cameraclient\generatedfiles\ui_dlg_flowdetection.h
f:\cameraclient\cameraclient\generatedfiles\ui_dlg_detection_phase.h
f:\cameraclient\win32\release\cameraclient.exe
f:\cameraclient\cameraclient\release\cameraclient.res
f:\cameraclient\cameraclient\release\cameraclient.tlog\cameraclient.write.1u.tlog
f:\cameraclient\cameraclient\release\cameraclient.tlog\cl.command.1.tlog
f:\cameraclient\cameraclient\release\cameraclient.tlog\cl.read.1.tlog
f:\cameraclient\cameraclient\release\cameraclient.tlog\cl.write.1.tlog
f:\cameraclient\cameraclient\release\cameraclient.tlog\custombuild.command.1.tlog
f:\cameraclient\cameraclient\release\cameraclient.tlog\custombuild.read.1.tlog
f:\cameraclient\cameraclient\release\cameraclient.tlog\custombuild.write.1.tlog
f:\cameraclient\cameraclient\release\cameraclient.tlog\link.command.1.tlog
f:\cameraclient\cameraclient\release\cameraclient.tlog\link.read.1.tlog
f:\cameraclient\cameraclient\release\cameraclient.tlog\link.write.1.tlog
f:\cameraclient\cameraclient\release\cameraclient.tlog\rc.command.1.tlog
f:\cameraclient\cameraclient\release\cameraclient.tlog\rc.read.1.tlog
f:\cameraclient\cameraclient\release\cameraclient.tlog\rc.write.1.tlog
